<?xml version="1.0" encoding="UTF-8"?>
<testsuite xmlns:xsi="http://www.w3.org/2001/XMLSchema-instance" xsi:noNamespaceSchemaLocation="https://maven.apache.org/surefire/maven-surefire-plugin/xsd/surefire-test-report-3.0.xsd" version="3.0" name="com.foolish.schoolmanagement.SchoolManagementApplicationTests" time="4.228" tests="1" errors="0" skipped="0" failures="0">
  <properties>
[...]
</properties>
  <testcase name="contextLoads" classname="com.foolish.schoolmanagement.SchoolManagementApplicationTests" time="0.324">
    <system-out><![CDATA[12:05:10.659 [main] INFO org.springframework.test.context.support.AnnotationConfigContextLoaderUtils -- Could not detect default configuration classes for test class [com.foolish.schoolmanagement.SchoolManagementApplicationTests]: SchoolManagementApplicationTests does not declare any static, non-private, non-final, nested classes annotated with @Configuration.
12:05:10.710 [main] INFO org.springframework.boot.test.context.SpringBootTestContextBootstrapper -- Found @SpringBootConfiguration com.foolish.schoolmanagement.SchoolManagementApplication for test class com.foolish.schoolmanagement.SchoolManagementApplicationTests
12:05:10.788 [main] INFO org.springframework.boot.devtools.restart.RestartApplicationListener -- Restart disabled due to context in which it is running

  .   ____          _            __ _ _
 /\\ / ___'_ __ _ _(_)_ __  __ _ \ \ \ \
( ( )\___ | '_ | '_| | '_ \/ _` | \ \ \ \
 \\/  ___)| |_)| | | | | || (_| |  ) ) ) )
  '  |____| .__|_| |_|_| |_\__, | / / / /
 =========|_|==============|___/=/_/_/_/
 :: Spring Boot ::                (v3.2.5)

2024-12-11T12:05:10.941+07:00  INFO 96059 --- [SchoolManagement] [           main] c.f.s.SchoolManagementApplicationTests   : Starting SchoolManagementApplicationTests using Java 17.0.10 with PID 96059 (started by mainga in /Users/mainga/Desktop/Workspace/Udemy/Spring Framework/SchoolManagement)
2024-12-11T12:05:10.942+07:00  INFO 96059 --- [SchoolManagement] [           main] c.f.s.SchoolManagementApplicationTests   : The following 1 profile is active: "dev"
2024-12-11T12:05:11.286+07:00  INFO 96059 --- [SchoolManagement] [           main] .s.d.r.c.RepositoryConfigurationDelegate : Bootstrapping Spring Data JPA repositories in DEFAULT mode.
2024-12-11T12:05:11.375+07:00  INFO 96059 --- [SchoolManagement] [           main] .s.d.r.c.RepositoryConfigurationDelegate : Finished Spring Data repository scanning in 83 ms. Found 12 JPA repository interfaces.
2024-12-11T12:05:11.808+07:00  INFO 96059 --- [SchoolManagement] [           main] com.zaxxer.hikari.HikariDataSource       : HikariPool-1 - Starting...
2024-12-11T12:05:12.045+07:00  INFO 96059 --- [SchoolManagement] [           main] com.zaxxer.hikari.pool.HikariPool        : HikariPool-1 - Added connection com.mysql.cj.jdbc.ConnectionImpl@1a89414e
2024-12-11T12:05:12.046+07:00  INFO 96059 --- [SchoolManagement] [           main] com.zaxxer.hikari.HikariDataSource       : HikariPool-1 - Start completed.
2024-12-11T12:05:12.102+07:00  INFO 96059 --- [SchoolManagement] [           main] o.hibernate.jpa.internal.util.LogHelper  : HHH000204: Processing PersistenceUnitInfo [name: default]
2024-12-11T12:05:12.124+07:00  INFO 96059 --- [SchoolManagement] [           main] org.hibernate.Version                    : HHH000412: Hibernate ORM core version 6.4.4.Final
2024-12-11T12:05:12.144+07:00  INFO 96059 --- [SchoolManagement] [           main] o.h.c.internal.RegionFactoryInitiator    : HHH000026: Second-level cache disabled
2024-12-11T12:05:12.238+07:00  INFO 96059 --- [SchoolManagement] [           main] o.s.o.j.p.SpringPersistenceUnitInfo      : No LoadTimeWeaver setup: ignoring JPA class transformer
2024-12-11T12:05:12.294+07:00  WARN 96059 --- [SchoolManagement] [           main] org.hibernate.orm.deprecation            : HHH90000025: MySQLDialect does not need to be specified explicitly using 'hibernate.dialect' (remove the property setting and it will be selected by default)
2024-12-11T12:05:12.810+07:00  INFO 96059 --- [SchoolManagement] [           main] o.h.e.t.j.p.i.JtaPlatformInitiator       : HHH000489: No JTA platform available (set 'hibernate.transaction.jta.platform' to enable JTA platform integration)
2024-12-11T12:05:12.811+07:00  INFO 96059 --- [SchoolManagement] [           main] j.LocalContainerEntityManagerFactoryBean : Initialized JPA EntityManagerFactory for persistence unit 'default'
2024-12-11T12:05:13.133+07:00  INFO 96059 --- [SchoolManagement] [           main] c.f.s.aspects.LoggerAspect               : PasswordEncoder com.foolish.schoolmanagement.config.ProjectSecurityConfig.passwordEncoder() method execution start
2024-12-11T12:05:13.135+07:00  INFO 96059 --- [SchoolManagement] [           main] c.f.s.aspects.LoggerAspect               : Time took to execute PasswordEncoder com.foolish.schoolmanagement.config.ProjectSecurityConfig.passwordEncoder() method is : 0 ms
2024-12-11T12:05:13.135+07:00  INFO 96059 --- [SchoolManagement] [           main] c.f.s.aspects.LoggerAspect               : PasswordEncoder com.foolish.schoolmanagement.config.ProjectSecurityConfig.passwordEncoder() method execution end
2024-12-11T12:05:13.210+07:00  INFO 96059 --- [SchoolManagement] [           main] c.f.s.aspects.LoggerAspect               : Cloudinary com.foolish.schoolmanagement.config.ProjectConfiguration.cloudinaryConfig() method execution start
2024-12-11T12:05:13.216+07:00  INFO 96059 --- [SchoolManagement] [           main] c.f.s.aspects.LoggerAspect               : Time took to execute Cloudinary com.foolish.schoolmanagement.config.ProjectConfiguration.cloudinaryConfig() method is : 6 ms
2024-12-11T12:05:13.217+07:00  INFO 96059 --- [SchoolManagement] [           main] c.f.s.aspects.LoggerAspect               : Cloudinary com.foolish.schoolmanagement.config.ProjectConfiguration.cloudinaryConfig() method execution end
2024-12-11T12:05:13.356+07:00  INFO 96059 --- [SchoolManagement] [           main] c.f.s.aspects.LoggerAspect               : RestTemplate com.foolish.schoolmanagement.config.ProjectConfiguration.restTemplate() method execution start
2024-12-11T12:05:13.366+07:00  INFO 96059 --- [SchoolManagement] [           main] c.f.s.aspects.LoggerAspect               : Time took to execute RestTemplate com.foolish.schoolmanagement.config.ProjectConfiguration.restTemplate() method is : 9 ms
2024-12-11T12:05:13.366+07:00  INFO 96059 --- [SchoolManagement] [           main] c.f.s.aspects.LoggerAspect               : RestTemplate com.foolish.schoolmanagement.config.ProjectConfiguration.restTemplate() method execution end
2024-12-11T12:05:13.465+07:00  WARN 96059 --- [SchoolManagement] [           main] JpaBaseConfiguration$JpaWebConfiguration : spring.jpa.open-in-view is enabled by default. Therefore, database queries may be performed during view rendering. Explicitly configure spring.jpa.open-in-view to disable this warning
2024-12-11T12:05:13.549+07:00  INFO 96059 --- [SchoolManagement] [           main] c.f.s.aspects.LoggerAspect               : SecurityFilterChain com.foolish.schoolmanagement.config.ProjectSecurityConfig.defaultSecurityFilterChain(HttpSecurity) method execution start
2024-12-11T12:05:13.644+07:00  INFO 96059 --- [SchoolManagement] [           main] c.f.s.aspects.LoggerAspect               : void com.foolish.schoolmanagement.config.WebSocketConfig.registerStompEndpoints(StompEndpointRegistry) method execution start
2024-12-11T12:05:13.644+07:00  INFO 96059 --- [SchoolManagement] [           main] c.f.s.aspects.LoggerAspect               : Time took to execute void com.foolish.schoolmanagement.config.WebSocketConfig.registerStompEndpoints(StompEndpointRegistry) method is : 0 ms
2024-12-11T12:05:13.644+07:00  INFO 96059 --- [SchoolManagement] [           main] c.f.s.aspects.LoggerAspect               : void com.foolish.schoolmanagement.config.WebSocketConfig.registerStompEndpoints(StompEndpointRegistry) method execution end
2024-12-11T12:05:13.735+07:00  INFO 96059 --- [SchoolManagement] [           main] c.f.s.aspects.LoggerAspect               : void com.foolish.schoolmanagement.config.WebConfig.addViewControllers(ViewControllerRegistry) method execution start
2024-12-11T12:05:13.735+07:00  INFO 96059 --- [SchoolManagement] [           main] c.f.s.aspects.LoggerAspect               : Time took to execute void com.foolish.schoolmanagement.config.WebConfig.addViewControllers(ViewControllerRegistry) method is : 0 ms
2024-12-11T12:05:13.735+07:00  INFO 96059 --- [SchoolManagement] [           main] c.f.s.aspects.LoggerAspect               : void com.foolish.schoolmanagement.config.WebConfig.addViewControllers(ViewControllerRegistry) method execution end
2024-12-11T12:05:13.849+07:00  INFO 96059 --- [SchoolManagement] [           main] o.s.s.web.DefaultSecurityFilterChain     : Will secure any request with [org.springframework.security.web.session.DisableEncodeUrlFilter@51f714d1, org.springframework.security.web.context.request.async.WebAsyncManagerIntegrationFilter@77e8492f, org.springframework.security.web.context.SecurityContextHolderFilter@6e057374, org.springframework.security.web.header.HeaderWriterFilter@61b3de5b, org.springframework.web.filter.CorsFilter@1263d20d, org.springframework.security.web.csrf.CsrfFilter@2ce80c85, org.springframework.security.web.authentication.logout.LogoutFilter@34b69a14, org.springframework.security.oauth2.client.web.OAuth2AuthorizationRequestRedirectFilter@54422189, org.springframework.security.oauth2.client.web.OAuth2LoginAuthenticationFilter@2b35dde3, org.springframework.security.web.RequestMatcherRedirectFilter@38682845, org.springframework.security.web.authentication.UsernamePasswordAuthenticationFilter@72933ccb, org.springframework.security.web.authentication.ui.DefaultLoginPageGeneratingFilter@6be8e6ee, org.springframework.security.web.authentication.ui.DefaultLogoutPageGeneratingFilter@4f355321, org.springframework.security.web.authentication.www.BasicAuthenticationFilter@3fcc58f8, org.springframework.security.web.savedrequest.RequestCacheAwareFilter@70b7fec0, org.springframework.security.web.servletapi.SecurityContextHolderAwareRequestFilter@361eed12, org.springframework.security.web.authentication.AnonymousAuthenticationFilter@260d878a, org.springframework.security.web.access.ExceptionTranslationFilter@66d0d5ee, org.springframework.security.web.access.intercept.AuthorizationFilter@414b785c]
2024-12-11T12:05:13.849+07:00  INFO 96059 --- [SchoolManagement] [           main] c.f.s.aspects.LoggerAspect               : Time took to execute SecurityFilterChain com.foolish.schoolmanagement.config.ProjectSecurityConfig.defaultSecurityFilterChain(HttpSecurity) method is : 299 ms
2024-12-11T12:05:13.849+07:00  INFO 96059 --- [SchoolManagement] [           main] c.f.s.aspects.LoggerAspect               : SecurityFilterChain com.foolish.schoolmanagement.config.ProjectSecurityConfig.defaultSecurityFilterChain(HttpSecurity) method execution end
2024-12-11T12:05:13.851+07:00  INFO 96059 --- [SchoolManagement] [           main] c.f.s.aspects.LoggerAspect               : void com.foolish.schoolmanagement.config.WebSocketConfig.configureMessageBroker(MessageBrokerRegistry) method execution start
2024-12-11T12:05:13.852+07:00  INFO 96059 --- [SchoolManagement] [           main] c.f.s.aspects.LoggerAspect               : Time took to execute void com.foolish.schoolmanagement.config.WebSocketConfig.configureMessageBroker(MessageBrokerRegistry) method is : 0 ms
2024-12-11T12:05:13.852+07:00  INFO 96059 --- [SchoolManagement] [           main] c.f.s.aspects.LoggerAspect               : void com.foolish.schoolmanagement.config.WebSocketConfig.configureMessageBroker(MessageBrokerRegistry) method execution end
2024-12-11T12:05:14.202+07:00  INFO 96059 --- [SchoolManagement] [           main] AbstractAzureServiceClientBuilderFactory : Will configure the default credential of type DefaultAzureCredential for class com.azure.identity.DefaultAzureCredentialBuilder.
2024-12-11T12:05:14.229+07:00  INFO 96059 --- [SchoolManagement] [           main] c.a.c.h.n.implementation.NettyUtility    : The following is Netty version information that was found on the classpath: 'io.netty:netty-common' version: 4.1.109.Final, 'io.netty:netty-handler' version: 4.1.109.Final, 'io.netty:netty-handler-proxy' version: 4.1.109.Final, 'io.netty:netty-buffer' version: 4.1.109.Final, 'io.netty:netty-codec' version: 4.1.109.Final, 'io.netty:netty-codec-http' version: 4.1.109.Final, 'io.netty:netty-codec-http2' version: 4.1.109.Final, 'io.netty:netty-transport-native-unix-common' version: 4.1.109.Final, 'io.netty:netty-transport-native-epoll' version: 4.1.109.Final, 'io.netty:netty-transport-native-kqueue' version: 4.1.109.Final. The version of azure-core-http-netty being used was built with Netty version 4.1.108.Final and Netty Tcnative version 2.0.65.Final. If your application runs without issue this message can be ignored, otherwise please align the Netty versions used in your application. For more information, see https://aka.ms/azsdk/java/dependency/troubleshoot.
2024-12-11T12:05:14.417+07:00  INFO 96059 --- [SchoolManagement] [           main] o.s.m.s.b.SimpleBrokerMessageHandler     : Starting...
2024-12-11T12:05:14.418+07:00  INFO 96059 --- [SchoolManagement] [           main] o.s.m.s.b.SimpleBrokerMessageHandler     : BrokerAvailabilityEvent[available=true, SimpleBrokerMessageHandler [org.springframework.messaging.simp.broker.DefaultSubscriptionRegistry@1a89d045]]
2024-12-11T12:05:14.419+07:00  INFO 96059 --- [SchoolManagement] [           main] o.s.m.s.b.SimpleBrokerMessageHandler     : Started.
2024-12-11T12:05:14.427+07:00  INFO 96059 --- [SchoolManagement] [           main] c.f.s.SchoolManagementApplicationTests   : Started SchoolManagementApplicationTests in 3.643 seconds (process running for 4.167)
]]></system-out>
  </testcase>
</testsuite>