<?xml version="1.0" encoding="UTF-8"?>
<testsuite xmlns:xsi="http://www.w3.org/2001/XMLSchema-instance" xsi:noNamespaceSchemaLocation="https://maven.apache.org/surefire/maven-surefire-plugin/xsd/surefire-test-report-3.0.xsd" version="3.0" name="com.foolish.schoolmanagement.service.CoursesServiceTest" time="0.618" tests="5" errors="0" skipped="0" failures="0">
  <properties>
[...]
</properties>
  <testcase name="testDisplayCoursesSuccess" classname="com.foolish.schoolmanagement.service.CoursesServiceTest" time="0.523"/>
  <testcase name="testFindByCourserIdNotFound" classname="com.foolish.schoolmanagement.service.CoursesServiceTest" time="0.044"/>
  <testcase name="testFindByCourseIdSuccess" classname="com.foolish.schoolmanagement.service.CoursesServiceTest" time="0.002"/>
  <testcase name="testFindCoursesByCriteriaSuccess" classname="com.foolish.schoolmanagement.service.CoursesServiceTest" time="0.002"/>
  <testcase name="save" classname="com.foolish.schoolmanagement.service.CoursesServiceTest" time="0.001"/>
</testsuite>